<?xml version="1.0" encoding="UTF-8"?>
<coverage generated="1631126056196" clover="3.2.0">
  <project timestamp="1631126056196" name="All files">
    <metrics statements="90" coveredstatements="64" conditionals="47" coveredconditionals="24" methods="39" coveredmethods="26" elements="176" coveredelements="114" complexity="0" loc="90" ncloc="90" packages="10" files="24" classes="24"/>
    <package name="src">
      <metrics statements="11" coveredstatements="1" conditionals="4" coveredconditionals="0" methods="3" coveredmethods="1"/>
      <file name="App.tsx" path="C:\Users\danie\Projects\Own\thirdlove-challenge\src\App.tsx">
        <metrics statements="1" coveredstatements="1" conditionals="0" coveredconditionals="0" methods="1" coveredmethods="1"/>
        <line num="6" count="1" type="stmt"/>
      </file>
      <file name="index.tsx" path="C:\Users\danie\Projects\Own\thirdlove-challenge\src\index.tsx">
        <metrics statements="2" coveredstatements="0" conditionals="0" coveredconditionals="0" methods="0" coveredmethods="0"/>
        <line num="7" count="0" type="stmt"/>
        <line num="17" count="0" type="stmt"/>
      </file>
      <file name="reportWebVitals.ts" path="C:\Users\danie\Projects\Own\thirdlove-challenge\src\reportWebVitals.ts">
        <metrics statements="8" coveredstatements="0" conditionals="4" coveredconditionals="0" methods="2" coveredmethods="0"/>
        <line num="3" count="0" type="stmt"/>
        <line num="4" count="0" type="cond" truecount="0" falsecount="4"/>
        <line num="5" count="0" type="stmt"/>
        <line num="6" count="0" type="stmt"/>
        <line num="7" count="0" type="stmt"/>
        <line num="8" count="0" type="stmt"/>
        <line num="9" count="0" type="stmt"/>
        <line num="10" count="0" type="stmt"/>
      </file>
    </package>
    <package name="src.modules.AditionalModule">
      <metrics statements="1" coveredstatements="1" conditionals="0" coveredconditionals="0" methods="1" coveredmethods="1"/>
      <file name="AditionalModule.tsx" path="C:\Users\danie\Projects\Own\thirdlove-challenge\src\modules\AditionalModule\AditionalModule.tsx">
        <metrics statements="1" coveredstatements="1" conditionals="0" coveredconditionals="0" methods="1" coveredmethods="1"/>
        <line num="4" count="1" type="stmt"/>
      </file>
      <file name="index.ts" path="C:\Users\danie\Projects\Own\thirdlove-challenge\src\modules\AditionalModule\index.ts">
        <metrics statements="0" coveredstatements="0" conditionals="0" coveredconditionals="0" methods="0" coveredmethods="0"/>
      </file>
    </package>
    <package name="src.modules.ShoppingCart">
      <metrics statements="31" coveredstatements="20" conditionals="9" coveredconditionals="1" methods="12" coveredmethods="6"/>
      <file name="ShoppingCart.tsx" path="C:\Users\danie\Projects\Own\thirdlove-challenge\src\modules\ShoppingCart\ShoppingCart.tsx">
        <metrics statements="4" coveredstatements="4" conditionals="0" coveredconditionals="0" methods="2" coveredmethods="2"/>
        <line num="11" count="1" type="stmt"/>
        <line num="14" count="1" type="stmt"/>
        <line num="15" count="1" type="stmt"/>
        <line num="26" count="1" type="stmt"/>
      </file>
      <file name="ShoppingCartContext.tsx" path="C:\Users\danie\Projects\Own\thirdlove-challenge\src\modules\ShoppingCart\ShoppingCartContext.tsx">
        <metrics statements="24" coveredstatements="13" conditionals="9" coveredconditionals="1" methods="10" coveredmethods="4"/>
        <line num="14" count="3" type="stmt"/>
        <line num="21" count="3" type="stmt"/>
        <line num="26" count="3" type="stmt"/>
        <line num="30" count="2" type="stmt"/>
        <line num="32" count="2" type="cond" truecount="0" falsecount="1"/>
        <line num="33" count="0" type="stmt"/>
        <line num="35" count="0" type="cond" truecount="0" falsecount="2"/>
        <line num="36" count="0" type="stmt"/>
        <line num="38" count="0" type="stmt"/>
        <line num="39" count="0" type="cond" truecount="0" falsecount="2"/>
        <line num="40" count="0" type="stmt"/>
        <line num="42" count="0" type="stmt"/>
        <line num="43" count="0" type="stmt"/>
        <line num="48" count="0" type="stmt"/>
        <line num="49" count="0" type="stmt"/>
        <line num="53" count="2" type="stmt"/>
        <line num="54" count="1" type="stmt"/>
        <line num="55" count="0" type="cond" truecount="0" falsecount="2"/>
        <line num="58" count="1" type="stmt"/>
        <line num="61" count="4" type="stmt"/>
        <line num="63" count="1" type="cond" truecount="1" falsecount="1"/>
        <line num="64" count="1" type="stmt"/>
        <line num="65" count="1" type="stmt"/>
        <line num="70" count="2" type="stmt"/>
      </file>
      <file name="index.ts" path="C:\Users\danie\Projects\Own\thirdlove-challenge\src\modules\ShoppingCart\index.ts">
        <metrics statements="0" coveredstatements="0" conditionals="0" coveredconditionals="0" methods="0" coveredmethods="0"/>
      </file>
      <file name="items.ts" path="C:\Users\danie\Projects\Own\thirdlove-challenge\src\modules\ShoppingCart\items.ts">
        <metrics statements="3" coveredstatements="3" conditionals="0" coveredconditionals="0" methods="0" coveredmethods="0"/>
        <line num="3" count="1" type="stmt"/>
        <line num="9" count="1" type="stmt"/>
        <line num="15" count="1" type="stmt"/>
      </file>
      <file name="types.ts" path="C:\Users\danie\Projects\Own\thirdlove-challenge\src\modules\ShoppingCart\types.ts">
        <metrics statements="0" coveredstatements="0" conditionals="0" coveredconditionals="0" methods="0" coveredmethods="0"/>
      </file>
    </package>
    <package name="src.modules.ShoppingCart.CartExtra">
      <metrics statements="8" coveredstatements="5" conditionals="0" coveredconditionals="0" methods="6" coveredmethods="2"/>
      <file name="CartExtra.tsx" path="C:\Users\danie\Projects\Own\thirdlove-challenge\src\modules\ShoppingCart\CartExtra\CartExtra.tsx">
        <metrics statements="8" coveredstatements="5" conditionals="0" coveredconditionals="0" methods="6" coveredmethods="2"/>
        <line num="7" count="1" type="stmt"/>
        <line num="11" count="2" type="stmt"/>
        <line num="12" count="2" type="stmt"/>
        <line num="13" count="6" type="stmt"/>
        <line num="15" count="2" type="stmt"/>
        <line num="17" count="0" type="stmt"/>
        <line num="20" count="0" type="stmt"/>
        <line num="24" count="0" type="stmt"/>
      </file>
      <file name="index.ts" path="C:\Users\danie\Projects\Own\thirdlove-challenge\src\modules\ShoppingCart\CartExtra\index.ts">
        <metrics statements="0" coveredstatements="0" conditionals="0" coveredconditionals="0" methods="0" coveredmethods="0"/>
      </file>
    </package>
    <package name="src.modules.ShoppingCart.CartHeader">
      <metrics statements="11" coveredstatements="10" conditionals="6" coveredconditionals="3" methods="3" coveredmethods="3"/>
      <file name="CartHeader.tsx" path="C:\Users\danie\Projects\Own\thirdlove-challenge\src\modules\ShoppingCart\CartHeader\CartHeader.tsx">
        <metrics statements="11" coveredstatements="10" conditionals="6" coveredconditionals="3" methods="3" coveredmethods="3"/>
        <line num="9" count="1" type="stmt"/>
        <line num="12" count="2" type="stmt"/>
        <line num="14" count="2" type="stmt"/>
        <line num="19" count="2" type="stmt"/>
        <line num="20" count="1" type="stmt"/>
        <line num="21" count="4" type="stmt"/>
        <line num="23" count="1" type="cond" truecount="2" falsecount="2"/>
        <line num="24" count="0" type="stmt"/>
        <line num="29" count="1" type="cond" truecount="1" falsecount="1"/>
        <line num="30" count="1" type="stmt"/>
        <line num="37" count="2" type="stmt"/>
      </file>
      <file name="index.ts" path="C:\Users\danie\Projects\Own\thirdlove-challenge\src\modules\ShoppingCart\CartHeader\index.ts">
        <metrics statements="0" coveredstatements="0" conditionals="0" coveredconditionals="0" methods="0" coveredmethods="0"/>
      </file>
    </package>
    <package name="src.modules.ShoppingCart.CartItemList">
      <metrics statements="4" coveredstatements="4" conditionals="0" coveredconditionals="0" methods="2" coveredmethods="2"/>
      <file name="CartItemList.tsx" path="C:\Users\danie\Projects\Own\thirdlove-challenge\src\modules\ShoppingCart\CartItemList\CartItemList.tsx">
        <metrics statements="4" coveredstatements="4" conditionals="0" coveredconditionals="0" methods="2" coveredmethods="2"/>
        <line num="6" count="2" type="stmt"/>
        <line num="9" count="4" type="stmt"/>
        <line num="10" count="4" type="stmt"/>
        <line num="13" count="2" type="stmt"/>
      </file>
      <file name="index.ts" path="C:\Users\danie\Projects\Own\thirdlove-challenge\src\modules\ShoppingCart\CartItemList\index.ts">
        <metrics statements="0" coveredstatements="0" conditionals="0" coveredconditionals="0" methods="0" coveredmethods="0"/>
      </file>
    </package>
    <package name="src.modules.ShoppingCart.CartItemList.CartItem">
      <metrics statements="7" coveredstatements="6" conditionals="8" coveredconditionals="5" methods="5" coveredmethods="4"/>
      <file name="CartItem.tsx" path="C:\Users\danie\Projects\Own\thirdlove-challenge\src\modules\ShoppingCart\CartItemList\CartItem\CartItem.tsx">
        <metrics statements="7" coveredstatements="6" conditionals="8" coveredconditionals="5" methods="5" coveredmethods="4"/>
        <line num="10" count="3" type="stmt"/>
        <line num="11" count="5" type="stmt"/>
        <line num="12" count="5" type="stmt"/>
        <line num="26" count="1" type="cond" truecount="1" falsecount="1"/>
        <line num="34" count="1" type="cond" truecount="2" falsecount="0"/>
        <line num="37" count="1" type="cond" truecount="1" falsecount="1"/>
        <line num="46" count="0" type="stmt"/>
      </file>
      <file name="index.ts" path="C:\Users\danie\Projects\Own\thirdlove-challenge\src\modules\ShoppingCart\CartItemList\CartItem\index.ts">
        <metrics statements="0" coveredstatements="0" conditionals="0" coveredconditionals="0" methods="0" coveredmethods="0"/>
      </file>
    </package>
    <package name="src.modules.ShoppingCart.CartItemList.CartItem.DeleteStroke">
      <metrics statements="2" coveredstatements="2" conditionals="0" coveredconditionals="0" methods="1" coveredmethods="1"/>
      <file name="DeleteStroke.tsx" path="C:\Users\danie\Projects\Own\thirdlove-challenge\src\modules\ShoppingCart\CartItemList\CartItem\DeleteStroke\DeleteStroke.tsx">
        <metrics statements="2" coveredstatements="2" conditionals="0" coveredconditionals="0" methods="1" coveredmethods="1"/>
        <line num="7" count="3" type="stmt"/>
        <line num="8" count="5" type="stmt"/>
      </file>
      <file name="index.ts" path="C:\Users\danie\Projects\Own\thirdlove-challenge\src\modules\ShoppingCart\CartItemList\CartItem\DeleteStroke\index.ts">
        <metrics statements="0" coveredstatements="0" conditionals="0" coveredconditionals="0" methods="0" coveredmethods="0"/>
      </file>
    </package>
    <package name="src.modules.ShoppingCart.CartSummary">
      <metrics statements="3" coveredstatements="3" conditionals="2" coveredconditionals="1" methods="1" coveredmethods="1"/>
      <file name="CartSummary.tsx" path="C:\Users\danie\Projects\Own\thirdlove-challenge\src\modules\ShoppingCart\CartSummary\CartSummary.tsx">
        <metrics statements="3" coveredstatements="3" conditionals="2" coveredconditionals="1" methods="1" coveredmethods="1"/>
        <line num="5" count="1" type="stmt"/>
        <line num="8" count="2" type="stmt"/>
        <line num="9" count="2" type="stmt"/>
      </file>
      <file name="index.ts" path="C:\Users\danie\Projects\Own\thirdlove-challenge\src\modules\ShoppingCart\CartSummary\index.ts">
        <metrics statements="0" coveredstatements="0" conditionals="0" coveredconditionals="0" methods="0" coveredmethods="0"/>
      </file>
    </package>
    <package name="src.modules.ShoppingCart.DiscountProgressBar">
      <metrics statements="12" coveredstatements="12" conditionals="18" coveredconditionals="14" methods="5" coveredmethods="5"/>
      <file name="DiscountProgressBar.tsx" path="C:\Users\danie\Projects\Own\thirdlove-challenge\src\modules\ShoppingCart\DiscountProgressBar\DiscountProgressBar.tsx">
        <metrics statements="12" coveredstatements="12" conditionals="18" coveredconditionals="14" methods="5" coveredmethods="5"/>
        <line num="10" count="1" type="stmt"/>
        <line num="13" count="2" type="stmt"/>
        <line num="17" count="2" type="stmt"/>
        <line num="19" count="2" type="stmt"/>
        <line num="20" count="1" type="stmt"/>
        <line num="22" count="4" type="cond" truecount="1" falsecount="1"/>
        <line num="23" count="8" type="stmt"/>
        <line num="24" count="4" type="stmt"/>
        <line num="33" count="4" type="stmt"/>
        <line num="40" count="1" type="stmt"/>
        <line num="43" count="2" type="stmt"/>
        <line num="49" count="4" type="stmt"/>
      </file>
      <file name="index.ts" path="C:\Users\danie\Projects\Own\thirdlove-challenge\src\modules\ShoppingCart\DiscountProgressBar\index.ts">
        <metrics statements="0" coveredstatements="0" conditionals="0" coveredconditionals="0" methods="0" coveredmethods="0"/>
      </file>
    </package>
  </project>
</coverage>
