{"C:\\Users\\danie\\Projects\\Own\\thirdlove-challenge\\src\\App.tsx": {"path":"C:\\Users\\danie\\Projects\\Own\\thirdlove-challenge\\src\\App.tsx","statementMap":{"0":{"start":{"line":6,"column":2},"end":{"line":10,"column":4}}},"fnMap":{"0":{"name":"App","decl":{"start":{"line":5,"column":9},"end":{"line":5,"column":12}},"loc":{"start":{"line":5,"column":15},"end":{"line":11,"column":1}},"line":5}},"branchMap":{},"s":{"0":1},"f":{"0":1},"b":{},"_coverageSchema":"1a1c01bbd47fc00a2c39e90264f33305004495a9","hash":"0bd6a8e076f978f9ad8c80f3835716d4d05676ba"}
,"C:\\Users\\danie\\Projects\\Own\\thirdlove-challenge\\src\\index.tsx": {"path":"C:\\Users\\danie\\Projects\\Own\\thirdlove-challenge\\src\\index.tsx","statementMap":{"0":{"start":{"line":7,"column":0},"end":{"line":12,"column":2}},"1":{"start":{"line":17,"column":0},"end":{"line":17,"column":18}}},"fnMap":{},"branchMap":{},"s":{"0":0,"1":0},"f":{},"b":{}}
,"C:\\Users\\danie\\Projects\\Own\\thirdlove-challenge\\src\\reportWebVitals.ts": {"path":"C:\\Users\\danie\\Projects\\Own\\thirdlove-challenge\\src\\reportWebVitals.ts","statementMap":{"0":{"start":{"line":3,"column":24},"end":{"line":13,"column":1}},"1":{"start":{"line":4,"column":2},"end":{"line":12,"column":3}},"2":{"start":{"line":5,"column":4},"end":{"line":11,"column":7}},"3":{"start":{"line":6,"column":6},"end":{"line":6,"column":26}},"4":{"start":{"line":7,"column":6},"end":{"line":7,"column":26}},"5":{"start":{"line":8,"column":6},"end":{"line":8,"column":26}},"6":{"start":{"line":9,"column":6},"end":{"line":9,"column":26}},"7":{"start":{"line":10,"column":6},"end":{"line":10,"column":27}}},"fnMap":{"0":{"name":"(anonymous_0)","decl":{"start":{"line":3,"column":24},"end":{"line":3,"column":25}},"loc":{"start":{"line":3,"column":57},"end":{"line":13,"column":1}},"line":3},"1":{"name":"(anonymous_1)","decl":{"start":{"line":5,"column":30},"end":{"line":5,"column":31}},"loc":{"start":{"line":5,"column":79},"end":{"line":11,"column":5}},"line":5}},"branchMap":{"0":{"loc":{"start":{"line":4,"column":2},"end":{"line":12,"column":3}},"type":"if","locations":[{"start":{"line":4,"column":2},"end":{"line":12,"column":3}},{"start":{"line":4,"column":2},"end":{"line":12,"column":3}}],"line":4},"1":{"loc":{"start":{"line":4,"column":6},"end":{"line":4,"column":52}},"type":"binary-expr","locations":[{"start":{"line":4,"column":6},"end":{"line":4,"column":17}},{"start":{"line":4,"column":21},"end":{"line":4,"column":52}}],"line":4}},"s":{"0":0,"1":0,"2":0,"3":0,"4":0,"5":0,"6":0,"7":0},"f":{"0":0,"1":0},"b":{"0":[0,0],"1":[0,0]}}
,"C:\\Users\\danie\\Projects\\Own\\thirdlove-challenge\\src\\modules\\AditionalModule\\AditionalModule.tsx": {"path":"C:\\Users\\danie\\Projects\\Own\\thirdlove-challenge\\src\\modules\\AditionalModule\\AditionalModule.tsx","statementMap":{"0":{"start":{"line":4,"column":2},"end":{"line":4,"column":16}}},"fnMap":{"0":{"name":"AditionalModule","decl":{"start":{"line":3,"column":16},"end":{"line":3,"column":31}},"loc":{"start":{"line":3,"column":48},"end":{"line":5,"column":1}},"line":3}},"branchMap":{},"s":{"0":1},"f":{"0":1},"b":{},"_coverageSchema":"1a1c01bbd47fc00a2c39e90264f33305004495a9","hash":"27dceb9b2bbe40d80879f8cee6d757ecfb2a4600"}
,"C:\\Users\\danie\\Projects\\Own\\thirdlove-challenge\\src\\modules\\AditionalModule\\index.ts": {"path":"C:\\Users\\danie\\Projects\\Own\\thirdlove-challenge\\src\\modules\\AditionalModule\\index.ts","statementMap":{},"fnMap":{},"branchMap":{},"s":{},"f":{},"b":{}}
,"C:\\Users\\danie\\Projects\\Own\\thirdlove-challenge\\src\\modules\\ShoppingCart\\ShoppingCart.tsx": {"path":"C:\\Users\\danie\\Projects\\Own\\thirdlove-challenge\\src\\modules\\ShoppingCart\\ShoppingCart.tsx","statementMap":{"0":{"start":{"line":11,"column":38},"end":{"line":39,"column":1}},"1":{"start":{"line":14,"column":41},"end":{"line":24,"column":8}},"2":{"start":{"line":15,"column":4},"end":{"line":23,"column":6}},"3":{"start":{"line":26,"column":2},"end":{"line":38,"column":4}}},"fnMap":{"0":{"name":"(anonymous_0)","decl":{"start":{"line":11,"column":38},"end":{"line":11,"column":39}},"loc":{"start":{"line":11,"column":44},"end":{"line":39,"column":1}},"line":11},"1":{"name":"(anonymous_1)","decl":{"start":{"line":14,"column":49},"end":{"line":14,"column":50}},"loc":{"start":{"line":14,"column":55},"end":{"line":24,"column":3}},"line":14}},"branchMap":{},"s":{"0":1,"1":1,"2":1,"3":1},"f":{"0":1,"1":1},"b":{},"_coverageSchema":"1a1c01bbd47fc00a2c39e90264f33305004495a9","hash":"d5908e116df1b5e180df3a17c3dc84f6ac18c2d5"}
,"C:\\Users\\danie\\Projects\\Own\\thirdlove-challenge\\src\\modules\\ShoppingCart\\ShoppingCartContext.tsx": {"path":"C:\\Users\\danie\\Projects\\Own\\thirdlove-challenge\\src\\modules\\ShoppingCart\\ShoppingCartContext.tsx","statementMap":{"0":{"start":{"line":14,"column":47},"end":{"line":19,"column":1}},"1":{"start":{"line":21,"column":35},"end":{"line":24,"column":2}},"2":{"start":{"line":26,"column":60},"end":{"line":75,"column":1}},"3":{"start":{"line":30,"column":26},"end":{"line":30,"column":67}},"4":{"start":{"line":32,"column":21},"end":{"line":51,"column":3}},"5":{"start":{"line":33,"column":18},"end":{"line":33,"column":75}},"6":{"start":{"line":33,"column":47},"end":{"line":33,"column":74}},"7":{"start":{"line":35,"column":4},"end":{"line":46,"column":5}},"8":{"start":{"line":36,"column":6},"end":{"line":36,"column":53}},"9":{"start":{"line":38,"column":6},"end":{"line":38,"column":25}},"10":{"start":{"line":39,"column":6},"end":{"line":45,"column":7}},"11":{"start":{"line":40,"column":8},"end":{"line":40,"column":48}},"12":{"start":{"line":42,"column":8},"end":{"line":44,"column":11}},"13":{"start":{"line":43,"column":10},"end":{"line":43,"column":45}},"14":{"start":{"line":48,"column":4},"end":{"line":50,"column":7}},"15":{"start":{"line":49,"column":6},"end":{"line":49,"column":32}},"16":{"start":{"line":53,"column":2},"end":{"line":68,"column":43}},"17":{"start":{"line":54,"column":21},"end":{"line":57,"column":5}},"18":{"start":{"line":55,"column":25},"end":{"line":55,"column":63}},"19":{"start":{"line":58,"column":26},"end":{"line":62,"column":8}},"20":{"start":{"line":61,"column":8},"end":{"line":61,"column":41}},"21":{"start":{"line":63,"column":18},"end":{"line":63,"column":67}},"22":{"start":{"line":64,"column":4},"end":{"line":66,"column":7}},"23":{"start":{"line":65,"column":6},"end":{"line":65,"column":77}},"24":{"start":{"line":70,"column":2},"end":{"line":74,"column":4}}},"fnMap":{"0":{"name":"(anonymous_0)","decl":{"start":{"line":23,"column":14},"end":{"line":23,"column":15}},"loc":{"start":{"line":23,"column":20},"end":{"line":23,"column":22}},"line":23},"1":{"name":"(anonymous_1)","decl":{"start":{"line":26,"column":60},"end":{"line":26,"column":61}},"loc":{"start":{"line":29,"column":6},"end":{"line":75,"column":1}},"line":29},"2":{"name":"(anonymous_2)","decl":{"start":{"line":32,"column":21},"end":{"line":32,"column":22}},"loc":{"start":{"line":32,"column":59},"end":{"line":51,"column":3}},"line":32},"3":{"name":"(anonymous_3)","decl":{"start":{"line":33,"column":39},"end":{"line":33,"column":40}},"loc":{"start":{"line":33,"column":47},"end":{"line":33,"column":74}},"line":33},"4":{"name":"(anonymous_4)","decl":{"start":{"line":42,"column":29},"end":{"line":42,"column":30}},"loc":{"start":{"line":42,"column":37},"end":{"line":44,"column":9}},"line":42},"5":{"name":"(anonymous_5)","decl":{"start":{"line":48,"column":12},"end":{"line":48,"column":13}},"loc":{"start":{"line":48,"column":22},"end":{"line":50,"column":5}},"line":48},"6":{"name":"(anonymous_6)","decl":{"start":{"line":53,"column":12},"end":{"line":53,"column":13}},"loc":{"start":{"line":53,"column":18},"end":{"line":68,"column":3}},"line":53},"7":{"name":"(anonymous_7)","decl":{"start":{"line":55,"column":6},"end":{"line":55,"column":7}},"loc":{"start":{"line":55,"column":25},"end":{"line":55,"column":63}},"line":55},"8":{"name":"(anonymous_8)","decl":{"start":{"line":60,"column":12},"end":{"line":60,"column":13}},"loc":{"start":{"line":60,"column":28},"end":{"line":62,"column":7}},"line":60},"9":{"name":"(anonymous_9)","decl":{"start":{"line":64,"column":12},"end":{"line":64,"column":13}},"loc":{"start":{"line":64,"column":22},"end":{"line":66,"column":5}},"line":64}},"branchMap":{"0":{"loc":{"start":{"line":32,"column":39},"end":{"line":32,"column":54}},"type":"default-arg","locations":[{"start":{"line":32,"column":53},"end":{"line":32,"column":54}}],"line":32},"1":{"loc":{"start":{"line":35,"column":4},"end":{"line":46,"column":5}},"type":"if","locations":[{"start":{"line":35,"column":4},"end":{"line":46,"column":5}},{"start":{"line":35,"column":4},"end":{"line":46,"column":5}}],"line":35},"2":{"loc":{"start":{"line":39,"column":6},"end":{"line":45,"column":7}},"type":"if","locations":[{"start":{"line":39,"column":6},"end":{"line":45,"column":7}},{"start":{"line":39,"column":6},"end":{"line":45,"column":7}}],"line":39},"3":{"loc":{"start":{"line":55,"column":49},"end":{"line":55,"column":62}},"type":"binary-expr","locations":[{"start":{"line":55,"column":49},"end":{"line":55,"column":57}},{"start":{"line":55,"column":61},"end":{"line":55,"column":62}}],"line":55},"4":{"loc":{"start":{"line":63,"column":30},"end":{"line":63,"column":66}},"type":"cond-expr","locations":[{"start":{"line":63,"column":46},"end":{"line":63,"column":62}},{"start":{"line":63,"column":65},"end":{"line":63,"column":66}}],"line":63}},"s":{"0":3,"1":3,"2":3,"3":2,"4":2,"5":0,"6":0,"7":0,"8":0,"9":0,"10":0,"11":0,"12":0,"13":0,"14":0,"15":0,"16":2,"17":1,"18":0,"19":1,"20":4,"21":1,"22":1,"23":1,"24":2},"f":{"0":0,"1":2,"2":0,"3":0,"4":0,"5":0,"6":1,"7":0,"8":4,"9":1},"b":{"0":[0],"1":[0,0],"2":[0,0],"3":[0,0],"4":[0,1]},"_coverageSchema":"1a1c01bbd47fc00a2c39e90264f33305004495a9","hash":"a66a966ba99e9f95e762dc424e34f6b677b77faf"}
,"C:\\Users\\danie\\Projects\\Own\\thirdlove-challenge\\src\\modules\\ShoppingCart\\index.ts": {"path":"C:\\Users\\danie\\Projects\\Own\\thirdlove-challenge\\src\\modules\\ShoppingCart\\index.ts","statementMap":{},"fnMap":{},"branchMap":{},"s":{},"f":{},"b":{},"_coverageSchema":"1a1c01bbd47fc00a2c39e90264f33305004495a9","hash":"060772db8d0f07114d278cd6e09dbcd57945d6ce"}
,"C:\\Users\\danie\\Projects\\Own\\thirdlove-challenge\\src\\modules\\ShoppingCart\\items.ts": {"path":"C:\\Users\\danie\\Projects\\Own\\thirdlove-challenge\\src\\modules\\ShoppingCart\\items.ts","statementMap":{"0":{"start":{"line":3,"column":32},"end":{"line":7,"column":3}},"1":{"start":{"line":9,"column":32},"end":{"line":13,"column":3}},"2":{"start":{"line":15,"column":34},"end":{"line":19,"column":3}}},"fnMap":{},"branchMap":{},"s":{"0":1,"1":1,"2":1},"f":{},"b":{},"_coverageSchema":"1a1c01bbd47fc00a2c39e90264f33305004495a9","hash":"686e734b918b60c4359e10f403f7a14a0401fac6"}
,"C:\\Users\\danie\\Projects\\Own\\thirdlove-challenge\\src\\modules\\ShoppingCart\\types.ts": {"path":"C:\\Users\\danie\\Projects\\Own\\thirdlove-challenge\\src\\modules\\ShoppingCart\\types.ts","statementMap":{},"fnMap":{},"branchMap":{},"s":{},"f":{},"b":{}}
,"C:\\Users\\danie\\Projects\\Own\\thirdlove-challenge\\src\\modules\\ShoppingCart\\CartExtra\\CartExtra.tsx": {"path":"C:\\Users\\danie\\Projects\\Own\\thirdlove-challenge\\src\\modules\\ShoppingCart\\CartExtra\\CartExtra.tsx","statementMap":{"0":{"start":{"line":7,"column":25},"end":{"line":31,"column":1}},"1":{"start":{"line":11,"column":6},"end":{"line":11,"column":37}},"2":{"start":{"line":12,"column":23},"end":{"line":14,"column":3}},"3":{"start":{"line":13,"column":4},"end":{"line":13,"column":61}},"4":{"start":{"line":13,"column":32},"end":{"line":13,"column":59}},"5":{"start":{"line":15,"column":2},"end":{"line":30,"column":4}},"6":{"start":{"line":17,"column":29},"end":{"line":17,"column":46}},"7":{"start":{"line":20,"column":29},"end":{"line":20,"column":46}},"8":{"start":{"line":24,"column":23},"end":{"line":24,"column":42}}},"fnMap":{"0":{"name":"(anonymous_0)","decl":{"start":{"line":7,"column":25},"end":{"line":7,"column":26}},"loc":{"start":{"line":7,"column":31},"end":{"line":31,"column":1}},"line":7},"1":{"name":"(anonymous_1)","decl":{"start":{"line":12,"column":23},"end":{"line":12,"column":24}},"loc":{"start":{"line":12,"column":53},"end":{"line":14,"column":3}},"line":12},"2":{"name":"(anonymous_2)","decl":{"start":{"line":13,"column":24},"end":{"line":13,"column":25}},"loc":{"start":{"line":13,"column":32},"end":{"line":13,"column":59}},"line":13},"3":{"name":"(anonymous_3)","decl":{"start":{"line":17,"column":23},"end":{"line":17,"column":24}},"loc":{"start":{"line":17,"column":29},"end":{"line":17,"column":46}},"line":17},"4":{"name":"(anonymous_4)","decl":{"start":{"line":20,"column":23},"end":{"line":20,"column":24}},"loc":{"start":{"line":20,"column":29},"end":{"line":20,"column":46}},"line":20},"5":{"name":"(anonymous_5)","decl":{"start":{"line":24,"column":17},"end":{"line":24,"column":18}},"loc":{"start":{"line":24,"column":23},"end":{"line":24,"column":42}},"line":24}},"branchMap":{},"s":{"0":1,"1":2,"2":2,"3":6,"4":0,"5":2,"6":0,"7":0,"8":0},"f":{"0":2,"1":6,"2":0,"3":0,"4":0,"5":0},"b":{},"_coverageSchema":"1a1c01bbd47fc00a2c39e90264f33305004495a9","hash":"3704c2f805ffc0b1a61a6d58b83006991e026d7c"}
,"C:\\Users\\danie\\Projects\\Own\\thirdlove-challenge\\src\\modules\\ShoppingCart\\CartExtra\\index.ts": {"path":"C:\\Users\\danie\\Projects\\Own\\thirdlove-challenge\\src\\modules\\ShoppingCart\\CartExtra\\index.ts","statementMap":{},"fnMap":{},"branchMap":{},"s":{},"f":{},"b":{},"_coverageSchema":"1a1c01bbd47fc00a2c39e90264f33305004495a9","hash":"0d48c5939c0d7572eca65dd915e68fed82b2c5e8"}
,"C:\\Users\\danie\\Projects\\Own\\thirdlove-challenge\\src\\modules\\ShoppingCart\\CartHeader\\CartHeader.tsx": {"path":"C:\\Users\\danie\\Projects\\Own\\thirdlove-challenge\\src\\modules\\ShoppingCart\\CartHeader\\CartHeader.tsx","statementMap":{"0":{"start":{"line":9,"column":43},"end":{"line":45,"column":1}},"1":{"start":{"line":12,"column":6},"end":{"line":12,"column":37}},"2":{"start":{"line":14,"column":26},"end":{"line":17,"column":4}},"3":{"start":{"line":19,"column":2},"end":{"line":35,"column":30}},"4":{"start":{"line":20,"column":24},"end":{"line":22,"column":5}},"5":{"start":{"line":21,"column":14},"end":{"line":21,"column":34}},"6":{"start":{"line":23,"column":4},"end":{"line":28,"column":5}},"7":{"start":{"line":24,"column":6},"end":{"line":27,"column":9}},"8":{"start":{"line":29,"column":4},"end":{"line":34,"column":5}},"9":{"start":{"line":30,"column":6},"end":{"line":33,"column":9}},"10":{"start":{"line":37,"column":2},"end":{"line":44,"column":4}}},"fnMap":{"0":{"name":"(anonymous_0)","decl":{"start":{"line":9,"column":43},"end":{"line":9,"column":44}},"loc":{"start":{"line":9,"column":66},"end":{"line":45,"column":1}},"line":9},"1":{"name":"(anonymous_1)","decl":{"start":{"line":19,"column":12},"end":{"line":19,"column":13}},"loc":{"start":{"line":19,"column":18},"end":{"line":35,"column":3}},"line":19},"2":{"name":"(anonymous_2)","decl":{"start":{"line":21,"column":6},"end":{"line":21,"column":7}},"loc":{"start":{"line":21,"column":14},"end":{"line":21,"column":34}},"line":21}},"branchMap":{"0":{"loc":{"start":{"line":23,"column":4},"end":{"line":28,"column":5}},"type":"if","locations":[{"start":{"line":23,"column":4},"end":{"line":28,"column":5}},{"start":{"line":23,"column":4},"end":{"line":28,"column":5}}],"line":23},"1":{"loc":{"start":{"line":23,"column":8},"end":{"line":23,"column":74}},"type":"binary-expr","locations":[{"start":{"line":23,"column":8},"end":{"line":23,"column":26}},{"start":{"line":23,"column":30},"end":{"line":23,"column":74}}],"line":23},"2":{"loc":{"start":{"line":29,"column":4},"end":{"line":34,"column":5}},"type":"if","locations":[{"start":{"line":29,"column":4},"end":{"line":34,"column":5}},{"start":{"line":29,"column":4},"end":{"line":34,"column":5}}],"line":29}},"s":{"0":1,"1":2,"2":2,"3":2,"4":1,"5":4,"6":1,"7":0,"8":1,"9":1,"10":2},"f":{"0":2,"1":1,"2":4},"b":{"0":[0,1],"1":[1,0],"2":[1,0]},"_coverageSchema":"1a1c01bbd47fc00a2c39e90264f33305004495a9","hash":"65a80a4844df45ecbfdcb2785f8c60b91854f57e"}
,"C:\\Users\\danie\\Projects\\Own\\thirdlove-challenge\\src\\modules\\ShoppingCart\\CartHeader\\index.ts": {"path":"C:\\Users\\danie\\Projects\\Own\\thirdlove-challenge\\src\\modules\\ShoppingCart\\CartHeader\\index.ts","statementMap":{},"fnMap":{},"branchMap":{},"s":{},"f":{},"b":{},"_coverageSchema":"1a1c01bbd47fc00a2c39e90264f33305004495a9","hash":"949e6ef33c070d0eaef11a83176f685a289ce3da"}
,"C:\\Users\\danie\\Projects\\Own\\thirdlove-challenge\\src\\modules\\ShoppingCart\\CartItemList\\CartItemList.tsx": {"path":"C:\\Users\\danie\\Projects\\Own\\thirdlove-challenge\\src\\modules\\ShoppingCart\\CartItemList\\CartItemList.tsx","statementMap":{"0":{"start":{"line":6,"column":38},"end":{"line":22,"column":1}},"1":{"start":{"line":9,"column":6},"end":{"line":9,"column":37}},"2":{"start":{"line":10,"column":2},"end":{"line":21,"column":4}},"3":{"start":{"line":13,"column":8},"end":{"line":18,"column":10}}},"fnMap":{"0":{"name":"(anonymous_0)","decl":{"start":{"line":6,"column":38},"end":{"line":6,"column":39}},"loc":{"start":{"line":6,"column":44},"end":{"line":22,"column":1}},"line":6},"1":{"name":"(anonymous_1)","decl":{"start":{"line":12,"column":17},"end":{"line":12,"column":18}},"loc":{"start":{"line":12,"column":27},"end":{"line":19,"column":7}},"line":12}},"branchMap":{},"s":{"0":2,"1":4,"2":4,"3":2},"f":{"0":4,"1":2},"b":{},"_coverageSchema":"1a1c01bbd47fc00a2c39e90264f33305004495a9","hash":"9622cfd4dc62efe1add4b356263fad63ced94d62"}
,"C:\\Users\\danie\\Projects\\Own\\thirdlove-challenge\\src\\modules\\ShoppingCart\\CartItemList\\index.ts": {"path":"C:\\Users\\danie\\Projects\\Own\\thirdlove-challenge\\src\\modules\\ShoppingCart\\CartItemList\\index.ts","statementMap":{},"fnMap":{},"branchMap":{},"s":{},"f":{},"b":{},"_coverageSchema":"1a1c01bbd47fc00a2c39e90264f33305004495a9","hash":"3b7885db6e10aaafa1e2fce706878a6ac49cd772"}
,"C:\\Users\\danie\\Projects\\Own\\thirdlove-challenge\\src\\modules\\ShoppingCart\\CartItemList\\CartItem\\CartItem.tsx": {"path":"C:\\Users\\danie\\Projects\\Own\\thirdlove-challenge\\src\\modules\\ShoppingCart\\CartItemList\\CartItem\\CartItem.tsx","statementMap":{"0":{"start":{"line":10,"column":41},"end":{"line":49,"column":1}},"1":{"start":{"line":11,"column":25},"end":{"line":11,"column":56}},"2":{"start":{"line":12,"column":2},"end":{"line":48,"column":4}},"3":{"start":{"line":26,"column":35},"end":{"line":26,"column":72}},"4":{"start":{"line":34,"column":16},"end":{"line":34,"column":75}},"5":{"start":{"line":37,"column":35},"end":{"line":37,"column":72}},"6":{"start":{"line":46,"column":35},"end":{"line":46,"column":54}}},"fnMap":{"0":{"name":"(anonymous_0)","decl":{"start":{"line":10,"column":41},"end":{"line":10,"column":42}},"loc":{"start":{"line":10,"column":55},"end":{"line":49,"column":1}},"line":10},"1":{"name":"(anonymous_1)","decl":{"start":{"line":26,"column":29},"end":{"line":26,"column":30}},"loc":{"start":{"line":26,"column":35},"end":{"line":26,"column":72}},"line":26},"2":{"name":"(anonymous_2)","decl":{"start":{"line":33,"column":24},"end":{"line":33,"column":25}},"loc":{"start":{"line":33,"column":31},"end":{"line":35,"column":15}},"line":33},"3":{"name":"(anonymous_3)","decl":{"start":{"line":37,"column":29},"end":{"line":37,"column":30}},"loc":{"start":{"line":37,"column":35},"end":{"line":37,"column":72}},"line":37},"4":{"name":"(anonymous_4)","decl":{"start":{"line":46,"column":29},"end":{"line":46,"column":30}},"loc":{"start":{"line":46,"column":35},"end":{"line":46,"column":54}},"line":46}},"branchMap":{"0":{"loc":{"start":{"line":26,"column":53},"end":{"line":26,"column":66}},"type":"binary-expr","locations":[{"start":{"line":26,"column":53},"end":{"line":26,"column":61}},{"start":{"line":26,"column":65},"end":{"line":26,"column":66}}],"line":26},"1":{"loc":{"start":{"line":34,"column":16},"end":{"line":34,"column":74}},"type":"binary-expr","locations":[{"start":{"line":34,"column":16},"end":{"line":34,"column":30}},{"start":{"line":34,"column":34},"end":{"line":34,"column":74}}],"line":34},"2":{"loc":{"start":{"line":37,"column":53},"end":{"line":37,"column":66}},"type":"binary-expr","locations":[{"start":{"line":37,"column":53},"end":{"line":37,"column":61}},{"start":{"line":37,"column":65},"end":{"line":37,"column":66}}],"line":37},"3":{"loc":{"start":{"line":42,"column":35},"end":{"line":42,"column":48}},"type":"binary-expr","locations":[{"start":{"line":42,"column":35},"end":{"line":42,"column":43}},{"start":{"line":42,"column":47},"end":{"line":42,"column":48}}],"line":42}},"s":{"0":3,"1":5,"2":5,"3":1,"4":1,"5":1,"6":0},"f":{"0":5,"1":1,"2":1,"3":1,"4":0},"b":{"0":[1,0],"1":[1,1],"2":[1,0],"3":[5,0]},"_coverageSchema":"1a1c01bbd47fc00a2c39e90264f33305004495a9","hash":"0731f50e22b72db9952444ca9ec454d094a16ab8"}
,"C:\\Users\\danie\\Projects\\Own\\thirdlove-challenge\\src\\modules\\ShoppingCart\\CartItemList\\CartItem\\index.ts": {"path":"C:\\Users\\danie\\Projects\\Own\\thirdlove-challenge\\src\\modules\\ShoppingCart\\CartItemList\\CartItem\\index.ts","statementMap":{},"fnMap":{},"branchMap":{},"s":{},"f":{},"b":{},"_coverageSchema":"1a1c01bbd47fc00a2c39e90264f33305004495a9","hash":"35b1fdaf2d8d1f1d6fae8a578bdae996c00ddc9e"}
,"C:\\Users\\danie\\Projects\\Own\\thirdlove-challenge\\src\\modules\\ShoppingCart\\CartItemList\\CartItem\\DeleteStroke\\DeleteStroke.tsx": {"path":"C:\\Users\\danie\\Projects\\Own\\thirdlove-challenge\\src\\modules\\ShoppingCart\\CartItemList\\CartItem\\DeleteStroke\\DeleteStroke.tsx","statementMap":{"0":{"start":{"line":7,"column":45},"end":{"line":15,"column":1}},"1":{"start":{"line":8,"column":2},"end":{"line":14,"column":4}}},"fnMap":{"0":{"name":"(anonymous_0)","decl":{"start":{"line":7,"column":45},"end":{"line":7,"column":46}},"loc":{"start":{"line":7,"column":62},"end":{"line":15,"column":1}},"line":7}},"branchMap":{},"s":{"0":3,"1":5},"f":{"0":5},"b":{},"_coverageSchema":"1a1c01bbd47fc00a2c39e90264f33305004495a9","hash":"0b82f14cec0b3454fa10e5658585ce13cd2ecdce"}
,"C:\\Users\\danie\\Projects\\Own\\thirdlove-challenge\\src\\modules\\ShoppingCart\\CartItemList\\CartItem\\DeleteStroke\\index.ts": {"path":"C:\\Users\\danie\\Projects\\Own\\thirdlove-challenge\\src\\modules\\ShoppingCart\\CartItemList\\CartItem\\DeleteStroke\\index.ts","statementMap":{},"fnMap":{},"branchMap":{},"s":{},"f":{},"b":{},"_coverageSchema":"1a1c01bbd47fc00a2c39e90264f33305004495a9","hash":"2190b3f0f5b4688f7fab7ee17b0672c07a30dc00"}
,"C:\\Users\\danie\\Projects\\Own\\thirdlove-challenge\\src\\modules\\ShoppingCart\\CartSummary\\CartSummary.tsx": {"path":"C:\\Users\\danie\\Projects\\Own\\thirdlove-challenge\\src\\modules\\ShoppingCart\\CartSummary\\CartSummary.tsx","statementMap":{"0":{"start":{"line":5,"column":27},"end":{"line":31,"column":1}},"1":{"start":{"line":8,"column":6},"end":{"line":8,"column":37}},"2":{"start":{"line":9,"column":2},"end":{"line":30,"column":4}}},"fnMap":{"0":{"name":"(anonymous_0)","decl":{"start":{"line":5,"column":27},"end":{"line":5,"column":28}},"loc":{"start":{"line":5,"column":33},"end":{"line":31,"column":1}},"line":5}},"branchMap":{"0":{"loc":{"start":{"line":20,"column":11},"end":{"line":22,"column":28}},"type":"cond-expr","locations":[{"start":{"line":21,"column":14},"end":{"line":21,"column":43}},{"start":{"line":22,"column":14},"end":{"line":22,"column":28}}],"line":20}},"s":{"0":1,"1":2,"2":2},"f":{"0":2},"b":{"0":[0,2]},"_coverageSchema":"1a1c01bbd47fc00a2c39e90264f33305004495a9","hash":"594d8f6bbd0272149612fa9c1d7a822eef7aa76e"}
,"C:\\Users\\danie\\Projects\\Own\\thirdlove-challenge\\src\\modules\\ShoppingCart\\CartSummary\\index.ts": {"path":"C:\\Users\\danie\\Projects\\Own\\thirdlove-challenge\\src\\modules\\ShoppingCart\\CartSummary\\index.ts","statementMap":{},"fnMap":{},"branchMap":{},"s":{},"f":{},"b":{},"_coverageSchema":"1a1c01bbd47fc00a2c39e90264f33305004495a9","hash":"b60e358e0b1535abbc991eaebf716e8a6fc49739"}
,"C:\\Users\\danie\\Projects\\Own\\thirdlove-challenge\\src\\modules\\ShoppingCart\\DiscountProgressBar\\DiscountProgressBar.tsx": {"path":"C:\\Users\\danie\\Projects\\Own\\thirdlove-challenge\\src\\modules\\ShoppingCart\\DiscountProgressBar\\DiscountProgressBar.tsx","statementMap":{"0":{"start":{"line":10,"column":67},"end":{"line":82,"column":1}},"1":{"start":{"line":13,"column":38},"end":{"line":13,"column":78}},"2":{"start":{"line":17,"column":6},"end":{"line":17,"column":37}},"3":{"start":{"line":19,"column":2},"end":{"line":41,"column":25}},"4":{"start":{"line":20,"column":15},"end":{"line":39,"column":5}},"5":{"start":{"line":22,"column":25},"end":{"line":22,"column":78}},"6":{"start":{"line":23,"column":28},"end":{"line":23,"column":74}},"7":{"start":{"line":23,"column":47},"end":{"line":23,"column":74}},"8":{"start":{"line":24,"column":20},"end":{"line":32,"column":9}},"9":{"start":{"line":33,"column":8},"end":{"line":36,"column":10}},"10":{"start":{"line":40,"column":4},"end":{"line":40,"column":22}},"11":{"start":{"line":43,"column":2},"end":{"line":81,"column":4}},"12":{"start":{"line":49,"column":14},"end":{"line":76,"column":16}}},"fnMap":{"0":{"name":"(anonymous_0)","decl":{"start":{"line":10,"column":67},"end":{"line":10,"column":68}},"loc":{"start":{"line":12,"column":6},"end":{"line":82,"column":1}},"line":12},"1":{"name":"(anonymous_1)","decl":{"start":{"line":19,"column":12},"end":{"line":19,"column":13}},"loc":{"start":{"line":19,"column":18},"end":{"line":41,"column":3}},"line":19},"2":{"name":"(anonymous_2)","decl":{"start":{"line":21,"column":6},"end":{"line":21,"column":7}},"loc":{"start":{"line":21,"column":61},"end":{"line":37,"column":7}},"line":21},"3":{"name":"(anonymous_3)","decl":{"start":{"line":23,"column":28},"end":{"line":23,"column":29}},"loc":{"start":{"line":23,"column":47},"end":{"line":23,"column":74}},"line":23},"4":{"name":"(anonymous_4)","decl":{"start":{"line":48,"column":12},"end":{"line":48,"column":13}},"loc":{"start":{"line":48,"column":57},"end":{"line":77,"column":13}},"line":48}},"branchMap":{"0":{"loc":{"start":{"line":22,"column":25},"end":{"line":22,"column":78}},"type":"cond-expr","locations":[{"start":{"line":22,"column":53},"end":{"line":22,"column":54}},{"start":{"line":22,"column":57},"end":{"line":22,"column":78}}],"line":22},"1":{"loc":{"start":{"line":26,"column":20},"end":{"line":26,"column":58}},"type":"cond-expr","locations":[{"start":{"line":26,"column":46},"end":{"line":26,"column":47}},{"start":{"line":26,"column":50},"end":{"line":26,"column":58}}],"line":26},"2":{"loc":{"start":{"line":28,"column":12},"end":{"line":31,"column":63}},"type":"binary-expr","locations":[{"start":{"line":28,"column":13},"end":{"line":28,"column":35}},{"start":{"line":29,"column":14},"end":{"line":29,"column":35}},{"start":{"line":30,"column":14},"end":{"line":30,"column":37}},{"start":{"line":31,"column":13},"end":{"line":31,"column":37}},{"start":{"line":31,"column":41},"end":{"line":31,"column":62}}],"line":28},"3":{"loc":{"start":{"line":46,"column":9},"end":{"line":78,"column":11}},"type":"binary-expr","locations":[{"start":{"line":46,"column":9},"end":{"line":46,"column":21}},{"start":{"line":47,"column":10},"end":{"line":78,"column":11}}],"line":46},"4":{"loc":{"start":{"line":63,"column":22},"end":{"line":69,"column":28}},"type":"cond-expr","locations":[{"start":{"line":68,"column":26},"end":{"line":68,"column":60}},{"start":{"line":69,"column":26},"end":{"line":69,"column":28}}],"line":63},"5":{"loc":{"start":{"line":63,"column":22},"end":{"line":67,"column":71}},"type":"binary-expr","locations":[{"start":{"line":63,"column":23},"end":{"line":63,"column":47}},{"start":{"line":64,"column":24},"end":{"line":64,"column":70}},{"start":{"line":65,"column":24},"end":{"line":65,"column":72}},{"start":{"line":66,"column":23},"end":{"line":66,"column":49}},{"start":{"line":67,"column":24},"end":{"line":67,"column":70}}],"line":63}},"s":{"0":1,"1":2,"2":2,"3":2,"4":1,"5":4,"6":4,"7":8,"8":4,"9":4,"10":1,"11":2,"12":4},"f":{"0":2,"1":1,"2":4,"3":8,"4":4},"b":{"0":[0,4],"1":[3,1],"2":[4,3,0,4,1],"3":[2,1],"4":[0,4],"5":[4,3,0,4,1]},"_coverageSchema":"1a1c01bbd47fc00a2c39e90264f33305004495a9","hash":"df7471c59e71357030a331aaa47c48d5b80e310a"}
,"C:\\Users\\danie\\Projects\\Own\\thirdlove-challenge\\src\\modules\\ShoppingCart\\DiscountProgressBar\\index.ts": {"path":"C:\\Users\\danie\\Projects\\Own\\thirdlove-challenge\\src\\modules\\ShoppingCart\\DiscountProgressBar\\index.ts","statementMap":{},"fnMap":{},"branchMap":{},"s":{},"f":{},"b":{},"_coverageSchema":"1a1c01bbd47fc00a2c39e90264f33305004495a9","hash":"cc19a6896e0ebaca7949dc95d2fd70b98c52dd82"}
}
