TN:
SF:src\App.tsx
FN:5,App
FNF:1
FNH:1
FNDA:1,App
DA:6,1
LF:1
LH:1
BRF:0
BRH:0
end_of_record
TN:
SF:src\index.tsx
FNF:0
FNH:0
DA:7,0
DA:17,0
LF:2
LH:0
BRF:0
BRH:0
end_of_record
TN:
SF:src\reportWebVitals.ts
FN:3,(anonymous_0)
FN:5,(anonymous_1)
FNF:2
FNH:0
FNDA:0,(anonymous_0)
FNDA:0,(anonymous_1)
DA:3,0
DA:4,0
DA:5,0
DA:6,0
DA:7,0
DA:8,0
DA:9,0
DA:10,0
LF:8
LH:0
BRDA:4,0,0,0
BRDA:4,0,1,0
BRDA:4,1,0,0
BRDA:4,1,1,0
BRF:4
BRH:0
end_of_record
TN:
SF:src\modules\AditionalModule\AditionalModule.tsx
FN:3,AditionalModule
FNF:1
FNH:1
FNDA:1,AditionalModule
DA:4,1
LF:1
LH:1
BRF:0
BRH:0
end_of_record
TN:
SF:src\modules\AditionalModule\index.ts
FNF:0
FNH:0
LF:0
LH:0
BRF:0
BRH:0
end_of_record
TN:
SF:src\modules\ShoppingCart\ShoppingCart.tsx
FN:11,(anonymous_0)
FN:14,(anonymous_1)
FNF:2
FNH:2
FNDA:1,(anonymous_0)
FNDA:1,(anonymous_1)
DA:11,1
DA:14,1
DA:15,1
DA:26,1
LF:4
LH:4
BRF:0
BRH:0
end_of_record
TN:
SF:src\modules\ShoppingCart\ShoppingCartContext.tsx
FN:23,(anonymous_0)
FN:26,(anonymous_1)
FN:32,(anonymous_2)
FN:33,(anonymous_3)
FN:42,(anonymous_4)
FN:48,(anonymous_5)
FN:53,(anonymous_6)
FN:55,(anonymous_7)
FN:60,(anonymous_8)
FN:64,(anonymous_9)
FNF:10
FNH:4
FNDA:0,(anonymous_0)
FNDA:2,(anonymous_1)
FNDA:0,(anonymous_2)
FNDA:0,(anonymous_3)
FNDA:0,(anonymous_4)
FNDA:0,(anonymous_5)
FNDA:1,(anonymous_6)
FNDA:0,(anonymous_7)
FNDA:4,(anonymous_8)
FNDA:1,(anonymous_9)
DA:14,3
DA:21,3
DA:26,3
DA:30,2
DA:32,2
DA:33,0
DA:35,0
DA:36,0
DA:38,0
DA:39,0
DA:40,0
DA:42,0
DA:43,0
DA:48,0
DA:49,0
DA:53,2
DA:54,1
DA:55,0
DA:58,1
DA:61,4
DA:63,1
DA:64,1
DA:65,1
DA:70,2
LF:24
LH:13
BRDA:32,0,0,0
BRDA:35,1,0,0
BRDA:35,1,1,0
BRDA:39,2,0,0
BRDA:39,2,1,0
BRDA:55,3,0,0
BRDA:55,3,1,0
BRDA:63,4,0,0
BRDA:63,4,1,1
BRF:9
BRH:1
end_of_record
TN:
SF:src\modules\ShoppingCart\index.ts
FNF:0
FNH:0
LF:0
LH:0
BRF:0
BRH:0
end_of_record
TN:
SF:src\modules\ShoppingCart\items.ts
FNF:0
FNH:0
DA:3,1
DA:9,1
DA:15,1
LF:3
LH:3
BRF:0
BRH:0
end_of_record
TN:
SF:src\modules\ShoppingCart\types.ts
FNF:0
FNH:0
LF:0
LH:0
BRF:0
BRH:0
end_of_record
TN:
SF:src\modules\ShoppingCart\CartExtra\CartExtra.tsx
FN:7,(anonymous_0)
FN:12,(anonymous_1)
FN:13,(anonymous_2)
FN:17,(anonymous_3)
FN:20,(anonymous_4)
FN:24,(anonymous_5)
FNF:6
FNH:2
FNDA:2,(anonymous_0)
FNDA:6,(anonymous_1)
FNDA:0,(anonymous_2)
FNDA:0,(anonymous_3)
FNDA:0,(anonymous_4)
FNDA:0,(anonymous_5)
DA:7,1
DA:11,2
DA:12,2
DA:13,6
DA:15,2
DA:17,0
DA:20,0
DA:24,0
LF:8
LH:5
BRF:0
BRH:0
end_of_record
TN:
SF:src\modules\ShoppingCart\CartExtra\index.ts
FNF:0
FNH:0
LF:0
LH:0
BRF:0
BRH:0
end_of_record
TN:
SF:src\modules\ShoppingCart\CartHeader\CartHeader.tsx
FN:9,(anonymous_0)
FN:19,(anonymous_1)
FN:21,(anonymous_2)
FNF:3
FNH:3
FNDA:2,(anonymous_0)
FNDA:1,(anonymous_1)
FNDA:4,(anonymous_2)
DA:9,1
DA:12,2
DA:14,2
DA:19,2
DA:20,1
DA:21,4
DA:23,1
DA:24,0
DA:29,1
DA:30,1
DA:37,2
LF:11
LH:10
BRDA:23,0,0,0
BRDA:23,0,1,1
BRDA:23,1,0,1
BRDA:23,1,1,0
BRDA:29,2,0,1
BRDA:29,2,1,0
BRF:6
BRH:3
end_of_record
TN:
SF:src\modules\ShoppingCart\CartHeader\index.ts
FNF:0
FNH:0
LF:0
LH:0
BRF:0
BRH:0
end_of_record
TN:
SF:src\modules\ShoppingCart\CartItemList\CartItemList.tsx
FN:6,(anonymous_0)
FN:12,(anonymous_1)
FNF:2
FNH:2
FNDA:4,(anonymous_0)
FNDA:2,(anonymous_1)
DA:6,2
DA:9,4
DA:10,4
DA:13,2
LF:4
LH:4
BRF:0
BRH:0
end_of_record
TN:
SF:src\modules\ShoppingCart\CartItemList\index.ts
FNF:0
FNH:0
LF:0
LH:0
BRF:0
BRH:0
end_of_record
TN:
SF:src\modules\ShoppingCart\CartItemList\CartItem\CartItem.tsx
FN:10,(anonymous_0)
FN:26,(anonymous_1)
FN:33,(anonymous_2)
FN:37,(anonymous_3)
FN:46,(anonymous_4)
FNF:5
FNH:4
FNDA:5,(anonymous_0)
FNDA:1,(anonymous_1)
FNDA:1,(anonymous_2)
FNDA:1,(anonymous_3)
FNDA:0,(anonymous_4)
DA:10,3
DA:11,5
DA:12,5
DA:26,1
DA:34,1
DA:37,1
DA:46,0
LF:7
LH:6
BRDA:26,0,0,1
BRDA:26,0,1,0
BRDA:34,1,0,1
BRDA:34,1,1,1
BRDA:37,2,0,1
BRDA:37,2,1,0
BRDA:42,3,0,5
BRDA:42,3,1,0
BRF:8
BRH:5
end_of_record
TN:
SF:src\modules\ShoppingCart\CartItemList\CartItem\index.ts
FNF:0
FNH:0
LF:0
LH:0
BRF:0
BRH:0
end_of_record
TN:
SF:src\modules\ShoppingCart\CartItemList\CartItem\DeleteStroke\DeleteStroke.tsx
FN:7,(anonymous_0)
FNF:1
FNH:1
FNDA:5,(anonymous_0)
DA:7,3
DA:8,5
LF:2
LH:2
BRF:0
BRH:0
end_of_record
TN:
SF:src\modules\ShoppingCart\CartItemList\CartItem\DeleteStroke\index.ts
FNF:0
FNH:0
LF:0
LH:0
BRF:0
BRH:0
end_of_record
TN:
SF:src\modules\ShoppingCart\CartSummary\CartSummary.tsx
FN:5,(anonymous_0)
FNF:1
FNH:1
FNDA:2,(anonymous_0)
DA:5,1
DA:8,2
DA:9,2
LF:3
LH:3
BRDA:20,0,0,0
BRDA:20,0,1,2
BRF:2
BRH:1
end_of_record
TN:
SF:src\modules\ShoppingCart\CartSummary\index.ts
FNF:0
FNH:0
LF:0
LH:0
BRF:0
BRH:0
end_of_record
TN:
SF:src\modules\ShoppingCart\DiscountProgressBar\DiscountProgressBar.tsx
FN:10,(anonymous_0)
FN:19,(anonymous_1)
FN:21,(anonymous_2)
FN:23,(anonymous_3)
FN:48,(anonymous_4)
FNF:5
FNH:5
FNDA:2,(anonymous_0)
FNDA:1,(anonymous_1)
FNDA:4,(anonymous_2)
FNDA:8,(anonymous_3)
FNDA:4,(anonymous_4)
DA:10,1
DA:13,2
DA:17,2
DA:19,2
DA:20,1
DA:22,4
DA:23,8
DA:24,4
DA:33,4
DA:40,1
DA:43,2
DA:49,4
LF:12
LH:12
BRDA:22,0,0,0
BRDA:22,0,1,4
BRDA:26,1,0,3
BRDA:26,1,1,1
BRDA:28,2,0,4
BRDA:28,2,1,3
BRDA:28,2,2,0
BRDA:28,2,3,4
BRDA:28,2,4,1
BRDA:46,3,0,2
BRDA:46,3,1,1
BRDA:63,4,0,0
BRDA:63,4,1,4
BRDA:63,5,0,4
BRDA:63,5,1,3
BRDA:63,5,2,0
BRDA:63,5,3,4
BRDA:63,5,4,1
BRF:18
BRH:14
end_of_record
TN:
SF:src\modules\ShoppingCart\DiscountProgressBar\index.ts
FNF:0
FNH:0
LF:0
LH:0
BRF:0
BRH:0
end_of_record
